build/app/outputs/mapping/release/seeds.txt
com.example.wallify.MainActivity
com.example.wallify.MainActivity: MainActivity()
...
androidx.activity.ImmLeaksCleaner
io.flutter.embedding.android.FlutterSplashView$SavedState
androidx.annotation.Keep
io.flutter.plugin.common.BinaryMessenger$TaskQueue
io.flutter.view.AccessibilityViewEmbedder
androidx.activity.ComponentActivity$2
androidx.lifecycle.FullLifecycleObserverAdapter
io.flutter.embedding.engine.mutatorsstack.FlutterMutatorsStack
androidx.core.graphics.drawable.IconCompatParcelizer
io.flutter.embedding.engine.FlutterJNI
io.flutter.view.FlutterCallbackInformation
androidx.core.graphics.drawable.IconCompat
io.flutter.plugin.editing.ImeSyncDeferringInsetsCallback$AnimationCallback
androidx.core.app.RemoteActionCompat
androidx.core.app.RemoteActionCompatParcelizer
android.support.v4.app.RemoteActionCompatParcelizer
androidx.lifecycle.SingleGeneratedAdapterObserver
io.flutter.plugin.editing.ImeSyncDeferringInsetsCallback
androidx.versionedparcelable.ParcelImpl
io.flutter.plugins.GeneratedPluginRegistrant
io.flutter.embedding.engine.renderer.SurfaceTextureWrapper
androidx.lifecycle.LiveData$LifecycleBoundObserver
androidx.activity.ComponentActivity$3
androidx.lifecycle.ReflectiveGenericLifecycleObserver
io.flutter.plugin.platform.SingleViewPresentation: io.flutter.plugin.platform.SingleViewPresentation$PresentationState state
io.flutter.embedding.engine.plugins.lifecycle.HiddenLifecycleReference: androidx.lifecycle.Lifecycle lifecycle
androidx.lifecycle.Lifecycle$Event: androidx.lifecycle.Lifecycle$Event ON_START
io.flutter.plugin.platform.SingleViewPresentation: android.view.View$OnFocusChangeListener focusChangeListener
io.flutter.embedding.engine.FlutterJNI: java.util.Set engineLifecycleListeners
io.flutter.plugin.editing.ImeSyncDeferringInsetsCallback: io.flutter.plugin.editing.ImeSyncDeferringInsetsCallback$InsetsListener insetsListener
io.flutter.embedding.engine.FlutterJNI: java.util.concurrent.locks.ReentrantReadWriteLock shellHolderLock
com.google.common.util.concurrent.AbstractFuture: com.google.common.util.concurrent.AbstractFuture$Waiter waiters
androidx.lifecycle.Lifecycle$Event: androidx.lifecycle.Lifecycle$Event ON_RESUME
io.flutter.embedding.engine.FlutterJNI: boolean setRefreshRateFPSCalled
io.flutter.plugin.platform.SingleViewPresentation: java.lang.Object createParams
io.flutter.view.AccessibilityViewEmbedder: java.lang.String TAG
io.flutter.plugin.editing.ImeSyncDeferringInsetsCallback$AnimationCallback: io.flutter.plugin.editing.ImeSyncDeferringInsetsCallback this$0
io.flutter.embedding.engine.FlutterJNI: java.lang.Long nativeShellHolderId
io.flutter.view.AccessibilityViewEmbedder: io.flutter.view.AccessibilityViewEmbedder$ReflectionAccessors reflectionAccessors
io.flutter.embedding.engine.FlutterOverlaySurface: android.view.Surface surface
io.flutter.plugin.platform.SingleViewPresentation: io.flutter.plugin.platform.PlatformViewFactory viewFactory
com.google.common.util.concurrent.AbstractFuture: com.google.common.util.concurrent.AbstractFuture$Listener listeners
io.flutter.plugin.editing.ImeSyncDeferringInsetsCallback: int deferredInsetTypes
io.flutter.embedding.engine.FlutterJNI: boolean initCalled
io.flutter.plugin.editing.ImeSyncDeferringInsetsCallback: io.flutter.plugin.editing.ImeSyncDeferringInsetsCallback$AnimationCallback animationCallback
io.flutter.embedding.engine.FlutterJNI: android.os.Looper mainLooper
io.flutter.embedding.engine.FlutterJNI: float refreshRateFPS
io.flutter.plugin.platform.SingleViewPresentation: io.flutter.plugin.platform.AccessibilityEventsDelegate accessibilityEventsDelegate
io.flutter.plugin.platform.SingleViewPresentation: android.widget.FrameLayout container
io.flutter.plugin.platform.SingleViewPresentation: android.content.Context outerContext
androidx.lifecycle.Lifecycle$Event: androidx.lifecycle.Lifecycle$Event ON_PAUSE
androidx.lifecycle.Lifecycle$Event: androidx.lifecycle.Lifecycle$Event ON_STOP
io.flutter.embedding.engine.mutatorsstack.FlutterMutatorsStack: android.graphics.Matrix finalMatrix