build/app/outputs/mapping/release/mapping.txt
# compiler: R8
# compiler_version: 3.0.76
# min_api: 16
# pg_map_id: e9871b6
# common_typos_disable
...
io.flutter.plugin.common.MethodChannel -> c0.i:
    io.flutter.plugin.common.MethodCodec codec -> c
    io.flutter.plugin.common.BinaryMessenger$TaskQueue taskQueue -> d
    io.flutter.plugin.common.BinaryMessenger messenger -> a
    java.lang.String name -> b
    io.flutter.plugin.common.MethodCodec access$000(io.flutter.plugin.common.MethodChannel) -> a
    java.lang.String access$100(io.flutter.plugin.common.MethodChannel) -> b
    void invokeMethod(java.lang.String,java.lang.Object) -> c
    void invokeMethod(java.lang.String,java.lang.Object,io.flutter.plugin.common.MethodChannel$Result) -> d
    void setMethodCallHandler(io.flutter.plugin.common.MethodChannel$MethodCallHandler) -> e
io.flutter.plugin.common.MethodChannel$IncomingMethodCallHandler -> c0.i$a:
    io.flutter.plugin.common.MethodChannel$MethodCallHandler handler -> a
    io.flutter.plugin.common.MethodChannel this$0 -> b
    void onMessage(java.nio.ByteBuffer,io.flutter.plugin.common.BinaryMessenger$BinaryReply) -> a
    java.lang.String getStackTrace(java.lang.Exception) -> b
io.flutter.plugin.common.MethodChannel$IncomingMethodCallHandler$1 -> c0.i$a$a:
    io.flutter.plugin.common.BinaryMessenger$BinaryReply val$reply -> a
    io.flutter.plugin.common.MethodChannel$IncomingMethodCallHandler this$1 -> b
    void error(java.lang.String,java.lang.String,java.lang.Object) -> a
    void success(java.lang.Object) -> b
    void notImplemented() -> c
io.flutter.plugin.common.MethodChannel$IncomingResultHandler -> c0.i$b:
    io.flutter.plugin.common.MethodChannel$Result callback -> a
    io.flutter.plugin.common.MethodChannel this$0 -> b
    void reply(java.nio.ByteBuffer) -> a
io.flutter.plugin.common.MethodChannel$MethodCallHandler -> c0.i$c:
    void onMethodCall(io.flutter.plugin.common.MethodCall,io.flutter.plugin.common.MethodChannel$Result) -> a
io.flutter.plugin.common.MethodChannel$Result -> c0.i$d:
    void error(java.lang.String,java.lang.String,java.lang.Object) -> a
    void success(java.lang.Object) -> b
    void notImplemented() -> c
io.flutter.plugin.common.MethodCodec -> c0.j:
    java.nio.ByteBuffer encodeErrorEnvelopeWithStacktrace(java.lang.String,java.lang.String,java.lang.Object,java.lang.String) -> a
    java.nio.ByteBuffer encodeMethodCall(io.flutter.plugin.common.MethodCall) -> b
    java.nio.ByteBuffer encodeErrorEnvelope(java.lang.String,java.lang.String,java.lang.Object) -> c
    java.nio.ByteBuffer encodeSuccessEnvelope(java.lang.Object) -> d
    io.flutter.plugin.common.MethodCall decodeMethodCall(java.nio.ByteBuffer) -> e
    java.lang.Object decodeEnvelope(java.nio.ByteBuffer) -> f
io.flutter.plugin.common.PluginRegistry$ActivityResultListener -> c0.k:
    boolean onActivityResult(int,int,android.content.Intent) -> c
io.flutter.plugin.common.PluginRegistry$NewIntentListener -> c0.l:
    boolean onNewIntent(android.content.Intent) -> d
io.flutter.plugin.common.PluginRegistry$Registrar -> c0.m:
    io.flutter.plugin.common.PluginRegistry$Registrar addActivityResultListener(io.flutter.plugin.common.PluginRegistry$ActivityResultListener) -> b
    io.flutter.plugin.common.PluginRegistry$Registrar addRequestPermissionsResultListener(io.flutter.plugin.common.PluginRegistry$RequestPermissionsResultListener) -> c
io.flutter.plugin.common.PluginRegistry$RequestPermissionsResultListener -> c0.n:
    boolean onRequestPermissionsResult(int,java.lang.String[],int[]) -> a
io.flutter.plugin.common.PluginRegistry$UserLeaveHintListener -> c0.o:
    void onUserLeaveHint() -> f