build/app/outputs/mapping/release/usage.txt
com.example.wallify.BuildConfig
com.example.wallify.R$attr
com.example.wallify.R$color
com.example.wallify.R$dimen
com.example.wallify.R$drawable
com.example.wallify.R$id
com.example.wallify.R$integer
com.example.wallify.R$layout
com.example.wallify.R$mipmap
com.example.wallify.R$string
com.example.wallify.R$style
com.example.wallify.R$styleable
com.example.wallify.R
...
kotlin.sequences.GeneratorSequence
kotlin.sequences.IndexingSequence$iterator$1
kotlin.sequences.IndexingSequence
kotlin.sequences.MergingSequence$iterator$1
kotlin.sequences.MergingSequence
kotlin.sequences.Sequence
kotlin.sequences.SequenceBuilderIterator
kotlin.sequences.SequenceScope
kotlin.sequences.SequencesKt
kotlin.sequences.SequencesKt__SequenceBuilderKt$buildSequence$$inlined$Sequence$1
kotlin.sequences.SequencesKt__SequenceBuilderKt$sequence$$inlined$Sequence$1
kotlin.sequences.SequencesKt__SequenceBuilderKt
kotlin.sequences.SequencesKt__SequencesJVMKt
kotlin.sequences.SequencesKt__SequencesKt$Sequence$1
kotlin.sequences.SequencesKt__SequencesKt$asSequence$$inlined$Sequence$1
kotlin.sequences.SequencesKt__SequencesKt$flatten$1
kotlin.sequences.SequencesKt__SequencesKt$flatten$2
kotlin.sequences.SequencesKt__SequencesKt$flatten$3
kotlin.sequences.SequencesKt__SequencesKt$generateSequence$1
kotlin.sequences.SequencesKt__SequencesKt$generateSequence$2
kotlin.sequences.SequencesKt__SequencesKt$ifEmpty$1
kotlin.sequences.SequencesKt__SequencesKt
kotlin.sequences.SequencesKt___SequencesJvmKt$filterIsInstance$1
kotlin.sequences.SequencesKt___SequencesJvmKt
kotlin.sequences.SequencesKt___SequencesKt$asIterable$$inlined$Iterable$1
kotlin.sequences.SequencesKt___SequencesKt$distinct$1
kotlin.sequences.SequencesKt___SequencesKt$elementAt$1
kotlin.sequences.SequencesKt___SequencesKt$filterIndexed$1
kotlin.sequences.SequencesKt___SequencesKt$filterIndexed$2
kotlin.sequences.SequencesKt___SequencesKt$filterIsInstance$1
kotlin.sequences.SequencesKt___SequencesKt$filterNotNull$1
kotlin.sequences.SequencesKt___SequencesKt$flatMap$1
kotlin.sequences.SequencesKt___SequencesKt$groupingBy$1
kotlin.sequences.SequencesKt___SequencesKt$minus$1$iterator$1
kotlin.sequences.SequencesKt___SequencesKt$minus$1
kotlin.sequences.SequencesKt___SequencesKt$minus$2$iterator$1
kotlin.sequences.SequencesKt___SequencesKt$minus$2
kotlin.sequences.SequencesKt___SequencesKt$minus$3$iterator$1
kotlin.sequences.SequencesKt___SequencesKt$minus$3
kotlin.sequences.SequencesKt___SequencesKt$minus$4$iterator$1
kotlin.sequences.SequencesKt___SequencesKt$minus$4
kotlin.sequences.SequencesKt___SequencesKt$onEach$1
kotlin.sequences.SequencesKt___SequencesKt$requireNoNulls$1
kotlin.sequences.SequencesKt___SequencesKt$scan$1
kotlin.sequences.SequencesKt___SequencesKt$scanIndexed$1
kotlin.sequences.SequencesKt___SequencesKt$scanReduce$1
kotlin.sequences.SequencesKt___SequencesKt$scanReduceIndexed$1
kotlin.sequences.SequencesKt___SequencesKt$sorted$1
kotlin.sequences.SequencesKt___SequencesKt$sortedWith$1
kotlin.sequences.SequencesKt___SequencesKt$zip$1
kotlin.sequences.SequencesKt___SequencesKt$zipWithNext$1
kotlin.sequences.SequencesKt___SequencesKt$zipWithNext$2
kotlin.sequences.SequencesKt___SequencesKt
kotlin.sequences.SubSequence$iterator$1
kotlin.sequences.SubSequence
kotlin.sequences.TakeSequence$iterator$1
kotlin.sequences.TakeSequence
kotlin.sequences.TakeWhileSequence$iterator$1
kotlin.sequences.TakeWhileSequence
kotlin.sequences.TransformingIndexedSequence$iterator$1
kotlin.sequences.TransformingIndexedSequence
kotlin.sequences.TransformingSequence$iterator$1
kotlin.sequences.TransformingSequence
kotlin.sequences.USequencesKt
kotlin.sequences.USequencesKt___USequencesKt
kotlin.system.ProcessKt
kotlin.system.TimingKt
kotlin.text.CharCategory$Companion$categoryMap$2
kotlin.text.CharCategory$Companion
kotlin.text.CharCategory
kotlin.text.CharDirectionality$Companion$directionalityMap$2
kotlin.text.CharDirectionality$Companion
kotlin.text.CharDirectionality
kotlin.text.CharsKt:
    private void <init>()